27 [4134063616] INFO perfrun.launcher <> - Launcher main begin
34 [4134063616] INFO perfrun.launcher <> - MessageCatalogInit finished
34 [4134063616] INFO perfrun.launcher <> - Launcher instance created
35 [4134063616] INFO perfrun.launcher <> - argc = 6; cmdline = /mnt/aiongpfs/apps/resif/iris/2020b/broadwell/software/VTune/2020_update3/vtune_profiler_2020.3.0.612611/bin32/amplxe-runss -dump-vdso -r /tmp/amplxe-tmp-bvogel/amplxe-res-3100961-12431060723481520 --tmp-dir /tmp/amplxe-tmp-bvogel 
55 [4134063616] INFO perfrun.launcher <> - plugin remoteplug has been added successfully
55 [4134063616] INFO perfrun.launcher <> - plugin  has been added successfully
55 [4134063616] INFO perfrun.launcher <> - plugin vdso has been added successfully
55 [4134063616] INFO perfrun.launcher <> - plugin  has been added successfully
55 [4134063616] INFO perfrun.launcher <> - plugin  has been added successfully
55 [4134063616] INFO perfrun.launcher <> - plugin  has been added successfully
56 [4134063616] INFO perfrun.launcher <> - plugin  has been added successfully
56 [4134063616] INFO perfrun.launcher <> - plugin  has been added successfully
56 [4134063616] INFO perfrun.launcher <> - plugin  has been added successfully
56 [4134063616] INFO perfrun.launcher <> - plugin  has been added successfully
56 [4134063616] INFO perfrun.launcher <> - plugin  has been added successfully
56 [4134063616] INFO perfrun.launcher <> - plugin  has been added successfully
56 [4134063616] INFO perfrun.launcher <> - plugin  has been added successfully
73 [4134063616] INFO perfrun.launcher <> - plugin  has been added successfully
74 [4134063616] INFO perfrun.launcher <> - plugin  has been added successfully
74 [4134063616] INFO perfrun.launcher <> - plugin  has been added successfully
74 [4134063616] INFO perfrun.launcher <> - plugin  has been added successfully
74 [4134063616] INFO perfrun.launcher <> - plugin  has been added successfully
74 [4134063616] INFO perfrun.launcher <> - plugin  has been added successfully
74 [4134063616] INFO perfrun.launcher <> - plugin  has been added successfully
74 [4134063616] INFO perfrun.launcher <> - plugin  has been added successfully
74 [4134063616] INFO perfrun.launcher <> - plugin  has been added successfully
74 [4134063616] INFO perfrun.launcher <> - plugin  has been added successfully
74 [4134063616] INFO perfrun.launcher <> - plugin  has been added successfully
74 [4134063616] INFO perfrun.launcher <> - plugin  has been added successfully
74 [4134063616] INFO perfrun.launcher <> - plugin  has been added successfully
74 [4134063616] INFO perfrun.launcher <> - plugin  has been added successfully
74 [4134063616] INFO perfrun.launcher <> - plugin  has been added successfully
75 [4134063616] INFO perfrun.launcher <> - the option was added --interval: Specify an interval of data collection (for example, sampling) in milliseconds.
75 [4134063616] INFO perfrun.launcher <> - the option was added --follow-child: Profile process with or without children.
75 [4134063616] INFO perfrun.launcher <> - the option was added --gelding: BADMSG: perfrun1.launcher.plugin_manager::gelding
75 [4134063616] INFO perfrun.launcher <> - the option was added --time-source: Specify time source for measurement. Possible values: sys - wall clock time; tsc - time stamp counter; ext - time from an external source; auto - auto select accurate time source.
75 [4134063616] INFO perfrun.launcher <> - the option was added --stack: Enable or disable collection of stacks.
75 [4134063616] INFO perfrun.launcher <> - the option was added --stack-stitching: Enable or disable the stack stitching algorithm for Intel TBB-based applications.
75 [4134063616] INFO perfrun.launcher <> - the option was added --type: Specify type of data to be collected. For example, --type cpu:counters,waiting:nostack,io.
75 [4134063616] INFO perfrun.launcher <> - the option was added --mrte-mode: Specify Java/.NET/other managed runtime collection mode. Possible values: native - collect information only for native code; managed - collect information only for managed code; mixed - collect information for both managed and native code; auto - choose the mode based on binary type.
75 [4134063616] INFO perfrun.launcher <> - the option was added --mrte-mode-list: List supported Java/.NET/other managed runtime collection modes.
75 [4134063616] INFO perfrun.launcher <> - the option was added --mrte-type: Specify which managed runtimes to collect. Possible values: java - collect information for Java; dotnet - collect information for .NET; python - collect information for CPython. You can specify several values separated by comma.
75 [4134063616] INFO perfrun.launcher <> - the option was added --mrte-type-list: List supported Java/.NET/other managed runtime types.
76 [4134063616] INFO perfrun.launcher <> - the option was added --trace-strategy: Specify how to profile a process tree. <string> can be "<process>:trace:notrace" - profile the process but do not profile its children. Shorthand parameters: t - trace, nt - notrace. For example, "vtunedemo.exe:t:t".
76 [4134063616] INFO perfrun.launcher <> - the option was added --collector: BADMSG: perfrun1.launcher.plugin_manager::collector
76 [4134063616] INFO perfrun.launcher <> - the option was added --system-wide: Enable system-wide profiling. This mode may require additional permissions.
76 [4134063616] INFO perfrun.launcher <> - the option was added --kvm-guest: Enable KVM guest OS profiling.
76 [4134063616] INFO perfrun.launcher <> - the option was added --kvm-guest-kallsyms: Specify a local path to the /proc/kallsyms file copied from the guest OS for proper symbol resolution.
76 [4134063616] INFO perfrun.launcher <> - the option was added --kvm-guest-modules: Specify a local path to the /proc/modules file copied from the guest OS for proper symbol resolution.
76 [4134063616] INFO perfrun.launcher <> - the option was added --dump-vdso: Dump [vdso] to result directory
76 [4134063616] INFO perfrun.launcher <> - the option was added --system-collector-config: Specify subcollectors. Possible values: all, vdso.
77 [4134063616] INFO perfrun.launcher <> - create msngr2::ICliToolContext
78 [4134063616] INFO perfrun.launcher <> - create file finder object
97 [4133440320] INFO perfrun.launcher <> - plugin [remoteplug] was disabled because it doesn't support the given collection type.
97 [4133440320] INFO perfrun.launcher <> - plugin [] was disabled because it doesn't support the given collection type.
97 [4133440320] INFO perfrun.vdso <> - dumping [vdso] pseudomodule
98 [4133440320] INFO perfrun.launcher <> - plugin [] was disabled because it doesn't support the given collection type.
98 [4133440320] INFO perfrun.launcher <> - plugin [] was disabled because it doesn't support the given collection type.
99 [4133440320] INFO perfrun.launcher <> - plugin [] was disabled because it doesn't support the given collection type.
99 [4133440320] INFO perfrun.launcher <> - plugin [] was disabled because it doesn't support the given collection type.
99 [4133440320] INFO perfrun.launcher <> - plugin [] was disabled because it doesn't support the given collection type.
99 [4133440320] INFO perfrun.launcher <> - plugin [] was disabled because it doesn't support the given collection type.
99 [4133440320] INFO perfrun.launcher <> - plugin [] was disabled because it doesn't support the given collection type.
99 [4133440320] INFO perfrun.launcher <> - plugin [] was disabled because it doesn't support the given collection type.
99 [4133440320] INFO perfrun.launcher <> - plugin [] was disabled because it doesn't support the given collection type.
99 [4133440320] INFO perfrun.launcher <> - plugin [] was disabled because it doesn't support the given collection type.
99 [4133440320] INFO perfrun.launcher <> - plugin [] was disabled because it doesn't support the given collection type.
99 [4133440320] INFO perfrun.launcher <> - plugin [] was disabled because it doesn't support the given collection type.
99 [4133440320] INFO perfrun.launcher <> - plugin [] was disabled because it doesn't support the given collection type.
99 [4133440320] INFO perfrun.launcher <> - plugin [] was disabled because it doesn't support the given collection type.
99 [4133440320] INFO perfrun.launcher <> - plugin [] was disabled because it doesn't support the given collection type.
99 [4133440320] INFO perfrun.launcher <> - plugin [] was disabled because it doesn't support the given collection type.
99 [4133440320] INFO perfrun.launcher <> - plugin [] was disabled because it doesn't support the given collection type.
99 [4133440320] INFO perfrun.launcher <> - plugin [] was disabled because it doesn't support the given collection type.
99 [4133440320] INFO perfrun.launcher <> - plugin [] was disabled because it doesn't support the given collection type.
99 [4133440320] INFO perfrun.launcher <> - plugin [] was disabled because it doesn't support the given collection type.
99 [4133440320] INFO perfrun.launcher <> - plugin [] was disabled because it doesn't support the given collection type.
99 [4133440320] INFO perfrun.launcher <> - plugin [] was disabled because it doesn't support the given collection type.
99 [4133440320] INFO perfrun.launcher <> - plugin [] was disabled because it doesn't support the given collection type.
99 [4133440320] INFO perfrun.launcher <> - plugin [] was disabled because it doesn't support the given collection type.
99 [4133440320] INFO perfrun.launcher <> - plugin [] was disabled because it doesn't support the given collection type.
99 [4134063616] INFO perfrun.launcher <> - Application exit code: 0
99 [4134063616] INFO perfrun.launcher <> - Exit code: 0
